[debug] [2018-10-03T15:43:55.565Z] ----------------------------------------------------------------------
[debug] [2018-10-03T15:43:55.567Z] Command:       C:\Program Files\nodejs\node.exe C:\Users\aandrianova\AppData\Roaming\npm\node_modules\firebase-tools\bin\firebase deploy --project one-time-pass-5056d
[debug] [2018-10-03T15:43:55.567Z] CLI Version:   4.2.1
[debug] [2018-10-03T15:43:55.567Z] Platform:      win32
[debug] [2018-10-03T15:43:55.567Z] Node Version:  v8.12.0
[debug] [2018-10-03T15:43:55.568Z] Time:          Wed Oct 03 2018 18:43:55 GMT+0300 (RTZ 2 (зима))
[debug] [2018-10-03T15:43:55.568Z] ----------------------------------------------------------------------
[debug] 
[debug] [2018-10-03T15:43:55.574Z] > command requires scopes: ["email","openid","https://www.googleapis.com/auth/cloudplatformprojects.readonly","https://www.googleapis.com/auth/firebase","https://www.googleapis.com/auth/cloud-platform"]
[debug] [2018-10-03T15:43:55.574Z] > authorizing via signed-in user
[debug] [2018-10-03T15:43:55.576Z] >>> HTTP REQUEST GET https://admin.firebase.com/v1/projects/one-time-pass-5056d  
 
[debug] [2018-10-03T15:43:56.332Z] <<< HTTP RESPONSE 200
[info] 
[info] === Deploying to 'one-time-pass-5056d'...
[info] 
[info] i  deploying functions
[debug] [2018-10-03T15:43:58.011Z] > [functions] package.json contents: {
  "name": "functions",
  "description": "Cloud Functions for Firebase",
  "scripts": {
    "serve": "firebase serve --only functions",
    "shell": "firebase functions:shell",
    "start": "npm run shell",
    "deploy": "firebase deploy --only functions",
    "logs": "firebase functions:log"
  },
  "dependencies": {
    "firebase-admin": "~6.0.0",
    "firebase-functions": "^2.0.3",
    "twilio": "^3.0.0-rc.13"
  },
  "private": true
}
[info] i  functions: ensuring necessary APIs are enabled...
[debug] [2018-10-03T15:43:58.012Z] >>> HTTP REQUEST GET https://servicemanagement.googleapis.com/v1/services/cloudfunctions.googleapis.com/projectSettings/one-time-pass-5056d?view=CONSUMER_VIEW  
 
[debug] [2018-10-03T15:43:58.012Z] >>> HTTP REQUEST GET https://servicemanagement.googleapis.com/v1/services/runtimeconfig.googleapis.com/projectSettings/one-time-pass-5056d?view=CONSUMER_VIEW  
 
[debug] [2018-10-03T15:43:59.512Z] <<< HTTP RESPONSE 200
[debug] [2018-10-03T15:43:59.622Z] <<< HTTP RESPONSE 200
[info] +  functions: all necessary APIs are enabled
[debug] [2018-10-03T15:43:59.625Z] >>> HTTP REQUEST GET https://cloudresourcemanager.googleapis.com/v1/projects/one-time-pass-5056d  
 
[debug] [2018-10-03T15:44:00.657Z] <<< HTTP RESPONSE 200
[debug] [2018-10-03T15:44:00.658Z] >>> HTTP REQUEST GET https://mobilesdk-pa.googleapis.com/v1/projects/739193609118:getServerAppConfig  
 
[debug] [2018-10-03T15:44:01.126Z] <<< HTTP RESPONSE 200
[info] i  functions: preparing functions directory for uploading...
[debug] [2018-10-03T15:44:01.132Z] >>> HTTP REQUEST GET https://runtimeconfig.googleapis.com/v1beta1/projects/one-time-pass-5056d/configs  
 
[debug] [2018-10-03T15:44:01.436Z] <<< HTTP RESPONSE 200
[error] 
[error] Error: Error parsing triggers: Cannot find module './request_one_time_password'

Try running "npm install" in your functions directory before deploying.
